2024-08-22 13:24:01,027 DEBUG    root            Loaded Command Group: ['gcloud', 'components']
2024-08-22 13:24:01,029 DEBUG    root            Loaded Command Group: ['gcloud', 'components', 'update']
2024-08-22 13:24:01,032 DEBUG    root            Running [gcloud.components.update] with arguments: [--quiet: "True", COMPONENT-IDS:8: "['gcloud', 'core', 'bq', 'gsutil', 'compute', 'preview', 'alpha', 'beta']"]
2024-08-22 13:24:01,033 INFO     ___FILE_ONLY___ Beginning update. This process may take several minutes.

2024-08-22 13:24:01,041 DEBUG    urllib3.connectionpool Starting new HTTPS connection (1): dl.google.com:443
2024-08-22 13:24:01,100 DEBUG    urllib3.connectionpool https://dl.google.com:443 "GET /dl/cloudsdk/channels/rapid/components-2.json HTTP/1.1" 200 229029
2024-08-22 13:24:01,118 WARNING  root            Component [compute] no longer exists.
2024-08-22 13:24:01,118 WARNING  root            Component [preview] no longer exists.
2024-08-22 13:24:01,119 INFO     ___FILE_ONLY___ 

2024-08-22 13:24:01,119 INFO     ___FILE_ONLY___ 
Your current Google Cloud CLI version is: 489.0.0

2024-08-22 13:24:01,120 INFO     ___FILE_ONLY___ Installing components from version: 489.0.0

2024-08-22 13:24:01,120 INFO     ___FILE_ONLY___ 

2024-08-22 13:24:01,120 DEBUG    root            Chosen display Format:table[box,title="These components will be removed."](details.display_name:label=Name:align=left,version.version_string:label=Version:align=right,data.size.size(zero="",min=1048576):label=Size:align=right)
2024-08-22 13:24:01,121 DEBUG    root            Chosen display Format:table[box,title="These components will be updated."](details.display_name:label=Name:align=left,version.version_string:label=Version:align=right,data.size.size(zero="",min=1048576):label=Size:align=right)
2024-08-22 13:24:01,121 DEBUG    root            Chosen display Format:table[box,title="These components will be installed."](details.display_name:label=Name:align=left,version.version_string:label=Version:align=right,data.size.size(zero="",min=1048576):label=Size:align=right)
2024-08-22 13:24:01,138 INFO     ___FILE_ONLY___ ┌──────────────────────────────────────────────┐
2024-08-22 13:24:01,138 INFO     ___FILE_ONLY___ 

2024-08-22 13:24:01,138 INFO     ___FILE_ONLY___ │     These components will be installed.      │
2024-08-22 13:24:01,138 INFO     ___FILE_ONLY___ 

2024-08-22 13:24:01,138 INFO     ___FILE_ONLY___ ├───────────────────────┬────────────┬─────────┤
2024-08-22 13:24:01,138 INFO     ___FILE_ONLY___ 

2024-08-22 13:24:01,138 INFO     ___FILE_ONLY___ │          Name         │  Version   │   Size  │
2024-08-22 13:24:01,138 INFO     ___FILE_ONLY___ 

2024-08-22 13:24:01,139 INFO     ___FILE_ONLY___ ├───────────────────────┼────────────┼─────────┤
2024-08-22 13:24:01,139 INFO     ___FILE_ONLY___ 

2024-08-22 13:24:01,139 INFO     ___FILE_ONLY___ │ 
2024-08-22 13:24:01,139 INFO     ___FILE_ONLY___ gcloud Alpha Commands
2024-08-22 13:24:01,139 INFO     ___FILE_ONLY___  
2024-08-22 13:24:01,139 INFO     ___FILE_ONLY___ │ 
2024-08-22 13:24:01,139 INFO     ___FILE_ONLY___ 2024.08.16
2024-08-22 13:24:01,139 INFO     ___FILE_ONLY___  
2024-08-22 13:24:01,139 INFO     ___FILE_ONLY___ │ 
2024-08-22 13:24:01,139 INFO     ___FILE_ONLY___ < 1 MiB
2024-08-22 13:24:01,139 INFO     ___FILE_ONLY___  
2024-08-22 13:24:01,139 INFO     ___FILE_ONLY___ │
2024-08-22 13:24:01,139 INFO     ___FILE_ONLY___ 

2024-08-22 13:24:01,139 INFO     ___FILE_ONLY___ │ 
2024-08-22 13:24:01,139 INFO     ___FILE_ONLY___ gcloud Beta Commands 
2024-08-22 13:24:01,139 INFO     ___FILE_ONLY___  
2024-08-22 13:24:01,140 INFO     ___FILE_ONLY___ │ 
2024-08-22 13:24:01,140 INFO     ___FILE_ONLY___ 2024.08.16
2024-08-22 13:24:01,140 INFO     ___FILE_ONLY___  
2024-08-22 13:24:01,140 INFO     ___FILE_ONLY___ │ 
2024-08-22 13:24:01,140 INFO     ___FILE_ONLY___ < 1 MiB
2024-08-22 13:24:01,140 INFO     ___FILE_ONLY___  
2024-08-22 13:24:01,140 INFO     ___FILE_ONLY___ │
2024-08-22 13:24:01,140 INFO     ___FILE_ONLY___ 

2024-08-22 13:24:01,140 INFO     ___FILE_ONLY___ └───────────────────────┴────────────┴─────────┘
2024-08-22 13:24:01,140 INFO     ___FILE_ONLY___ 

2024-08-22 13:24:01,140 INFO     ___FILE_ONLY___ 

2024-08-22 13:24:01,143 DEBUG    urllib3.connectionpool Starting new HTTPS connection (1): dl.google.com:443
2024-08-22 13:24:01,200 DEBUG    urllib3.connectionpool https://dl.google.com:443 "GET /dl/cloudsdk/channels/rapid/RELEASE_NOTES HTTP/1.1" 200 1259049
2024-08-22 13:24:01,273 INFO     ___FILE_ONLY___ For the latest full release notes, please visit:
  https://cloud.google.com/sdk/release_notes


2024-08-22 13:24:01,273 INFO     ___FILE_ONLY___ Performing in place update...


2024-08-22 13:24:01,275 INFO     ___FILE_ONLY___ ╔════════════════════════════════════════════════════════════╗

2024-08-22 13:24:01,275 INFO     ___FILE_ONLY___ ╠═ Downloading: gcloud Alpha Commands                       ═╣

2024-08-22 13:24:01,275 INFO     ___FILE_ONLY___ ╚
2024-08-22 13:24:01,278 DEBUG    urllib3.connectionpool Starting new HTTPS connection (1): dl.google.com:443
2024-08-22 13:24:01,336 DEBUG    urllib3.connectionpool https://dl.google.com:443 "GET /dl/cloudsdk/channels/rapid/components/google-cloud-sdk-alpha-20240816183020.tar.gz HTTP/1.1" 200 800
2024-08-22 13:24:01,336 INFO     ___FILE_ONLY___ ════════════════════════════════════════════════════════════
2024-08-22 13:24:01,336 INFO     ___FILE_ONLY___ ╝

2024-08-22 13:24:01,338 INFO     ___FILE_ONLY___ ╔════════════════════════════════════════════════════════════╗

2024-08-22 13:24:01,338 INFO     ___FILE_ONLY___ ╠═ Downloading: gcloud Beta Commands                        ═╣

2024-08-22 13:24:01,338 INFO     ___FILE_ONLY___ ╚
2024-08-22 13:24:01,341 DEBUG    urllib3.connectionpool Starting new HTTPS connection (1): dl.google.com:443
2024-08-22 13:24:01,397 DEBUG    urllib3.connectionpool https://dl.google.com:443 "GET /dl/cloudsdk/channels/rapid/components/google-cloud-sdk-beta-20240816183020.tar.gz HTTP/1.1" 200 797
2024-08-22 13:24:01,397 INFO     ___FILE_ONLY___ ════════════════════════════════════════════════════════════
2024-08-22 13:24:01,398 INFO     ___FILE_ONLY___ ╝

2024-08-22 13:24:01,399 INFO     ___FILE_ONLY___ ╔════════════════════════════════════════════════════════════╗

2024-08-22 13:24:01,400 INFO     ___FILE_ONLY___ ╠═ Installing: gcloud Alpha Commands                        ═╣

2024-08-22 13:24:01,400 INFO     ___FILE_ONLY___ ╚
2024-08-22 13:24:01,401 INFO     ___FILE_ONLY___ ════════════════════════════════════════════════════════════
2024-08-22 13:24:01,401 INFO     ___FILE_ONLY___ ╝

2024-08-22 13:24:01,409 INFO     ___FILE_ONLY___ ╔════════════════════════════════════════════════════════════╗

2024-08-22 13:24:01,409 INFO     ___FILE_ONLY___ ╠═ Installing: gcloud Beta Commands                         ═╣

2024-08-22 13:24:01,409 INFO     ___FILE_ONLY___ ╚
2024-08-22 13:24:01,410 INFO     ___FILE_ONLY___ ════════════════════════════════════════════════════════════
2024-08-22 13:24:01,410 INFO     ___FILE_ONLY___ ╝

2024-08-22 13:24:01,419 DEBUG    root            Updating notification cache...
2024-08-22 13:24:01,419 INFO     ___FILE_ONLY___ 

2024-08-22 13:24:01,421 INFO     ___FILE_ONLY___ Performing post processing steps...
2024-08-22 13:24:01,421 DEBUG    root            Executing command: ['/tools/google-cloud-sdk/bin/gcloud', 'components', 'post-process']
2024-08-22 13:24:11,679 DEBUG    ___FILE_ONLY___ 
2024-08-22 13:24:11,680 DEBUG    ___FILE_ONLY___ 
2024-08-22 13:24:11,692 INFO     ___FILE_ONLY___ 
Update done!


2024-08-22 13:24:11,695 DEBUG    root            Chosen display Format:none
2024-08-22 13:24:11,696 INFO     root            Display format: "none"
